<?xml version="1.0" encoding="UTF-8"?>
<!-- Generated by org.testng.reporters.JUnitXMLReporter -->
<testsuite ignored="0" hostname="DESKTOP-36E45VO" failures="1" tests="16" name="Test1" time="209.546" errors="0" timestamp="2024-07-16T13:22:55 IST">
  <testcase classname="TestLayer.Loginpage" name="loginFunctionality" time="7.098"/>
  <testcase classname="TestLayer.HomePage" name="HomepageTitle" time="0.031"/>
  <testcase classname="TestLayer.HomePage" name="HomepageURL" time="0.025"/>
  <testcase classname="TestLayer.HomePage" name="PIMpage" time="2.222"/>
  <testcase classname="TestLayer.HomePage" name="AddEmployee" time="15.92"/>
  <testcase classname="TestLayer.HomePage" name="AddEmployee" time="16.905"/>
  <testcase classname="TestLayer.HomePage" name="AddEmployee" time="17.41"/>
  <testcase classname="TestLayer.HomePage" name="AddEmployee" time="15.9"/>
  <testcase classname="TestLayer.HomePage" name="AddEmployee" time="16.426"/>
  <testcase classname="TestLayer.HomePage" name="AddEmployee" time="17.4"/>
  <testcase classname="TestLayer.HomePage" name="AddEmployee" time="17.03"/>
  <testcase classname="TestLayer.HomePage" name="AddEmployee" time="30.908">
    <skipped/>
  </testcase> <!-- AddEmployee -->
  <testcase classname="TestLayer.HomePage" name="AddEmployee" time="30.009">
    <skipped/>
  </testcase> <!-- AddEmployee -->
  <testcase classname="TestLayer.HomePage" name="AddEmployee" time="9.814">
    <skipped/>
  </testcase> <!-- AddEmployee -->
  <testcase classname="TestLayer.HomePage" name="AddEmployee" time="0.006">
    <skipped/>
  </testcase> <!-- AddEmployee -->
  <testcase classname="TestLayer.HomePage" name="AddEmployee" time="0.005">
    <failure type="org.openqa.selenium.NoSuchWindowException" message="no such window: target window already closed
from unknown error: web view not found
  (Session info: chrome=126.0.6478.127)
Build info: version: &amp;apos;4.16.1&amp;apos;, revision: &amp;apos;9b4c83354e&amp;apos;
System info: os.name: &amp;apos;Windows 11&amp;apos;, os.arch: &amp;apos;amd64&amp;apos;, os.version: &amp;apos;10.0&amp;apos;, java.version: &amp;apos;17.0.11&amp;apos;
Driver info: org.openqa.selenium.chrome.ChromeDriver
Command: [254cb5b9e17be6ddd99b1668a146489a, findElement {using=xpath, value=//a[text()=&amp;apos;Add Employee&amp;apos;]}]
Capabilities {acceptInsecureCerts: false, browserName: chrome, browserVersion: 126.0.6478.127, chrome: {chromedriverVersion: 126.0.6478.126 (d36ace6122e..., userDataDir: C:\Users\HARSHINI PENDOTA\A...}, fedcm:accounts: true, goog:chromeOptions: {debuggerAddress: localhost:50258}, networkConnectionEnabled: false, pageLoadStrategy: normal, platformName: windows, proxy: Proxy(), se:cdp: ws://localhost:50258/devtoo..., se:cdpVersion: 126.0.6478.127, setWindowRect: true, strictFileInteractability: false, timeouts: {implicit: 0, pageLoad: 300000, script: 30000}, unhandledPromptBehavior: dismiss and notify, webauthn:extension:credBlob: true, webauthn:extension:largeBlob: true, webauthn:extension:minPinLength: true, webauthn:extension:prf: true, webauthn:virtualAuthenticators: true}
Session ID: 254cb5b9e17be6ddd99b1668a146489a">
      <![CDATA[org.openqa.selenium.NoSuchWindowException: no such window: target window already closed
from unknown error: web view not found
  (Session info: chrome=126.0.6478.127)
Build info: version: '4.16.1', revision: '9b4c83354e'
System info: os.name: 'Windows 11', os.arch: 'amd64', os.version: '10.0', java.version: '17.0.11'
Driver info: org.openqa.selenium.chrome.ChromeDriver
Command: [254cb5b9e17be6ddd99b1668a146489a, findElement {using=xpath, value=//a[text()='Add Employee']}]
Capabilities {acceptInsecureCerts: false, browserName: chrome, browserVersion: 126.0.6478.127, chrome: {chromedriverVersion: 126.0.6478.126 (d36ace6122e..., userDataDir: C:\Users\HARSHINI PENDOTA\A...}, fedcm:accounts: true, goog:chromeOptions: {debuggerAddress: localhost:50258}, networkConnectionEnabled: false, pageLoadStrategy: normal, platformName: windows, proxy: Proxy(), se:cdp: ws://localhost:50258/devtoo..., se:cdpVersion: 126.0.6478.127, setWindowRect: true, strictFileInteractability: false, timeouts: {implicit: 0, pageLoad: 300000, script: 30000}, unhandledPromptBehavior: dismiss and notify, webauthn:extension:credBlob: true, webauthn:extension:largeBlob: true, webauthn:extension:minPinLength: true, webauthn:extension:prf: true, webauthn:virtualAuthenticators: true}
Session ID: 254cb5b9e17be6ddd99b1668a146489a
at org.openqa.selenium.remote.codec.w3c.W3CHttpResponseCodec.createException(W3CHttpResponseCodec.java:200)
at org.openqa.selenium.remote.codec.w3c.W3CHttpResponseCodec.decode(W3CHttpResponseCodec.java:133)
at org.openqa.selenium.remote.codec.w3c.W3CHttpResponseCodec.decode(W3CHttpResponseCodec.java:52)
at org.openqa.selenium.remote.HttpCommandExecutor.execute(HttpCommandExecutor.java:191)
at org.openqa.selenium.remote.service.DriverCommandExecutor.invokeExecute(DriverCommandExecutor.java:200)
at org.openqa.selenium.remote.service.DriverCommandExecutor.execute(DriverCommandExecutor.java:175)
at org.openqa.selenium.remote.RemoteWebDriver.execute(RemoteWebDriver.java:523)
at org.openqa.selenium.remote.ElementLocation$ElementFinder$2.findElement(ElementLocation.java:165)
at org.openqa.selenium.remote.ElementLocation.findElement(ElementLocation.java:59)
at org.openqa.selenium.remote.RemoteWebDriver.findElement(RemoteWebDriver.java:360)
at org.openqa.selenium.remote.RemoteWebDriver.findElement(RemoteWebDriver.java:354)
at TestLayer.HomePage.AddEmployee(HomePage.java:47)
at java.base/java.util.ArrayList.forEach(ArrayList.java:1511)
at java.base/java.util.concurrent.FutureTask.run(FutureTask.java:264)
at java.base/java.util.concurrent.ThreadPoolExecutor.runWorker(ThreadPoolExecutor.java:1136)
at java.base/java.util.concurrent.ThreadPoolExecutor$Worker.run(ThreadPoolExecutor.java:635)
at java.base/java.lang.Thread.run(Thread.java:840)
... Removed 22 stack frames]]>
    </failure>
  </testcase> <!-- AddEmployee -->
</testsuite> <!-- Test1 -->
