<?xml version="1.0" encoding="UTF-8"?>
<!-- Generated by org.testng.reporters.JUnitReportReporter -->
<testsuite hostname="DESKTOP-36E45VO" failures="0" tests="26" name="TestLayer.HomePage" time="325.176" errors="1" timestamp="2024-07-16T13:22:55 IST" skipped="4">
  <testcase classname="TestLayer.HomePage" name="HomepageTitle" time="0.048"/>
  <system-out/>
  <testcase classname="TestLayer.HomePage" name="HomepageTitle" time="0.031"/>
  <system-out/>
  <testcase classname="TestLayer.HomePage" name="HomepageURL" time="0.025"/>
  <system-out/>
  <testcase classname="TestLayer.HomePage" name="HomepageURL" time="0.040"/>
  <system-out/>
  <testcase classname="TestLayer.HomePage" name="PIMpage" time="2.292"/>
  <system-out/>
  <testcase classname="TestLayer.HomePage" name="PIMpage" time="2.222"/>
  <system-out/>
  <testcase classname="TestLayer.HomePage" name="AddEmployee" time="30.908">
    <skipped/>
  </testcase> <!-- AddEmployee -->
  <system-out/>
  <testcase classname="TestLayer.HomePage" name="AddEmployee" time="16.812"/>
  <system-out/>
  <testcase classname="TestLayer.HomePage" name="AddEmployee" time="16.933"/>
  <system-out/>
  <testcase classname="TestLayer.HomePage" name="AddEmployee" time="30.009">
    <skipped/>
  </testcase> <!-- AddEmployee -->
  <system-out/>
  <testcase classname="TestLayer.HomePage" name="AddEmployee" time="16.467"/>
  <system-out/>
  <testcase classname="TestLayer.HomePage" name="AddEmployee" time="0.006">
    <skipped/>
  </testcase> <!-- AddEmployee -->
  <system-out/>
  <testcase classname="TestLayer.HomePage" name="AddEmployee" time="16.905"/>
  <system-out/>
  <testcase classname="TestLayer.HomePage" name="AddEmployee" time="15.900"/>
  <system-out/>
  <testcase classname="TestLayer.HomePage" name="AddEmployee" time="16.853"/>
  <system-out/>
  <testcase classname="TestLayer.HomePage" name="AddEmployee" time="15.669"/>
  <system-out/>
  <testcase classname="TestLayer.HomePage" name="AddEmployee" time="16.628"/>
  <system-out/>
  <testcase classname="TestLayer.HomePage" name="AddEmployee" time="15.920"/>
  <system-out/>
  <testcase classname="TestLayer.HomePage" name="AddEmployee" time="17.228"/>
  <system-out/>
  <testcase classname="TestLayer.HomePage" name="AddEmployee" time="17.410"/>
  <system-out/>
  <testcase classname="TestLayer.HomePage" name="AddEmployee" time="0.005">
    <error message="no such window: target window already closed
from unknown error: web view not found
  (Session info: chrome=126.0.6478.127)
Build info: version: &#039;4.16.1&#039;, revision: &#039;9b4c83354e&#039;
System info: os.name: &#039;Windows 11&#039;, os.arch: &#039;amd64&#039;, os.version: &#039;10.0&#039;, java.version: &#039;17.0.11&#039;
Driver info: org.openqa.selenium.chrome.ChromeDriver
Command: [254cb5b9e17be6ddd99b1668a146489a, findElement {using=xpath, value=//a[text()=&#039;Add Employee&#039;]}]
Capabilities {acceptInsecureCerts: false, browserName: chrome, browserVersion: 126.0.6478.127, chrome: {chromedriverVersion: 126.0.6478.126 (d36ace6122e..., userDataDir: C:\Users\HARSHINI PENDOTA\A...}, fedcm:accounts: true, goog:chromeOptions: {debuggerAddress: localhost:50258}, networkConnectionEnabled: false, pageLoadStrategy: normal, platformName: windows, proxy: Proxy(), se:cdp: ws://localhost:50258/devtoo..., se:cdpVersion: 126.0.6478.127, setWindowRect: true, strictFileInteractability: false, timeouts: {implicit: 0, pageLoad: 300000, script: 30000}, unhandledPromptBehavior: dismiss and notify, webauthn:extension:credBlob: true, webauthn:extension:largeBlob: true, webauthn:extension:minPinLength: true, webauthn:extension:prf: true, webauthn:virtualAuthenticators: true}
Session ID: 254cb5b9e17be6ddd99b1668a146489a" type="org.openqa.selenium.NoSuchWindowException">
      <![CDATA[org.openqa.selenium.NoSuchWindowException: no such window: target window already closed
from unknown error: web view not found
  (Session info: chrome=126.0.6478.127)
Build info: version: '4.16.1', revision: '9b4c83354e'
System info: os.name: 'Windows 11', os.arch: 'amd64', os.version: '10.0', java.version: '17.0.11'
Driver info: org.openqa.selenium.chrome.ChromeDriver
Command: [254cb5b9e17be6ddd99b1668a146489a, findElement {using=xpath, value=//a[text()='Add Employee']}]
Capabilities {acceptInsecureCerts: false, browserName: chrome, browserVersion: 126.0.6478.127, chrome: {chromedriverVersion: 126.0.6478.126 (d36ace6122e..., userDataDir: C:\Users\HARSHINI PENDOTA\A...}, fedcm:accounts: true, goog:chromeOptions: {debuggerAddress: localhost:50258}, networkConnectionEnabled: false, pageLoadStrategy: normal, platformName: windows, proxy: Proxy(), se:cdp: ws://localhost:50258/devtoo..., se:cdpVersion: 126.0.6478.127, setWindowRect: true, strictFileInteractability: false, timeouts: {implicit: 0, pageLoad: 300000, script: 30000}, unhandledPromptBehavior: dismiss and notify, webauthn:extension:credBlob: true, webauthn:extension:largeBlob: true, webauthn:extension:minPinLength: true, webauthn:extension:prf: true, webauthn:virtualAuthenticators: true}
Session ID: 254cb5b9e17be6ddd99b1668a146489a
at java.base/jdk.internal.reflect.NativeConstructorAccessorImpl.newInstance0(Native Method)
at java.base/jdk.internal.reflect.NativeConstructorAccessorImpl.newInstance(NativeConstructorAccessorImpl.java:77)
at java.base/jdk.internal.reflect.DelegatingConstructorAccessorImpl.newInstance(DelegatingConstructorAccessorImpl.java:45)
at java.base/java.lang.reflect.Constructor.newInstanceWithCaller(Constructor.java:499)
at java.base/java.lang.reflect.Constructor.newInstance(Constructor.java:480)
at org.openqa.selenium.remote.codec.w3c.W3CHttpResponseCodec.createException(W3CHttpResponseCodec.java:200)
at org.openqa.selenium.remote.codec.w3c.W3CHttpResponseCodec.decode(W3CHttpResponseCodec.java:133)
at org.openqa.selenium.remote.codec.w3c.W3CHttpResponseCodec.decode(W3CHttpResponseCodec.java:52)
at org.openqa.selenium.remote.HttpCommandExecutor.execute(HttpCommandExecutor.java:191)
at org.openqa.selenium.remote.service.DriverCommandExecutor.invokeExecute(DriverCommandExecutor.java:200)
at org.openqa.selenium.remote.service.DriverCommandExecutor.execute(DriverCommandExecutor.java:175)
at org.openqa.selenium.remote.RemoteWebDriver.execute(RemoteWebDriver.java:523)
at org.openqa.selenium.remote.ElementLocation$ElementFinder$2.findElement(ElementLocation.java:165)
at org.openqa.selenium.remote.ElementLocation.findElement(ElementLocation.java:59)
at org.openqa.selenium.remote.RemoteWebDriver.findElement(RemoteWebDriver.java:360)
at org.openqa.selenium.remote.RemoteWebDriver.findElement(RemoteWebDriver.java:354)
at TestLayer.HomePage.AddEmployee(HomePage.java:47)
at jdk.internal.reflect.GeneratedMethodAccessor2.invoke(Unknown Source)
at java.base/jdk.internal.reflect.DelegatingMethodAccessorImpl.invoke(DelegatingMethodAccessorImpl.java:43)
at java.base/java.lang.reflect.Method.invoke(Method.java:568)
at org.testng.internal.MethodInvocationHelper.invokeMethod(MethodInvocationHelper.java:133)
at org.testng.internal.TestInvoker.invokeMethod(TestInvoker.java:598)
at org.testng.internal.TestInvoker.retryFailed(TestInvoker.java:213)
at org.testng.internal.MethodRunner.runInSequence(MethodRunner.java:58)
at org.testng.internal.TestInvoker$MethodInvocationAgent.invoke(TestInvoker.java:824)
at org.testng.internal.TestInvoker.invokeTestMethods(TestInvoker.java:146)
at org.testng.internal.TestMethodWorker.invokeTestMethods(TestMethodWorker.java:146)
at org.testng.internal.TestMethodWorker.run(TestMethodWorker.java:128)
at java.base/java.util.ArrayList.forEach(ArrayList.java:1511)
at org.testng.TestRunner.privateRun(TestRunner.java:794)
at org.testng.TestRunner.run(TestRunner.java:596)
at org.testng.SuiteRunner.runTest(SuiteRunner.java:377)
at org.testng.SuiteRunner.access$000(SuiteRunner.java:28)
at org.testng.SuiteRunner$SuiteWorker.run(SuiteRunner.java:418)
at org.testng.internal.thread.ThreadUtil.lambda$execute$0(ThreadUtil.java:64)
at java.base/java.util.concurrent.FutureTask.run(FutureTask.java:264)
at java.base/java.util.concurrent.ThreadPoolExecutor.runWorker(ThreadPoolExecutor.java:1136)
at java.base/java.util.concurrent.ThreadPoolExecutor$Worker.run(ThreadPoolExecutor.java:635)
at java.base/java.lang.Thread.run(Thread.java:840)
]]>
    </error>
  </testcase> <!-- AddEmployee -->
  <system-out/>
  <testcase classname="TestLayer.HomePage" name="AddEmployee" time="16.195"/>
  <system-out/>
  <testcase classname="TestLayer.HomePage" name="AddEmployee" time="9.814">
    <skipped/>
  </testcase> <!-- AddEmployee -->
  <system-out/>
  <testcase classname="TestLayer.HomePage" name="AddEmployee" time="16.426"/>
  <system-out/>
  <testcase classname="TestLayer.HomePage" name="AddEmployee" time="17.400"/>
  <system-out/>
  <testcase classname="TestLayer.HomePage" name="AddEmployee" time="17.030"/>
  <system-out/>
</testsuite> <!-- TestLayer.HomePage -->
